                                                 PM_10               21:42 Thursday, March 5, 2020   1

                                          The CORR Procedure

            7  Variables:    id_road  pm10     cars     temp     wind     d_temp   hours    


                                          Simple Statistics
 
      Variable           N          Mean       Std Dev           Sum       Minimum       Maximum

      id_road          500     250.50000     144.48183        125250       1.00000     500.00000
      pm10             500      37.87800      35.04579         18939       2.00000     220.00000
      cars             500          1683          1154        841611      45.00000          4239
      temp             500       0.78700       6.38676     393.50000     -19.00000      21.90000
      wind             500       3.21120       1.86061          1606       0.30000       9.90000
      d_temp           500       0.15480       0.98863      77.40000      -5.00000       4.00000
      hours            500      12.44600       6.85749          6223       1.00000      24.00000


                              Pearson Correlation Coefficients, N = 500
 
               id_road         pm10         cars         temp         wind       d_temp        hours

  id_road      1.00000     -0.06552     -0.11293     -0.05303     -0.03974      0.00523     -0.05669

  pm10        -0.06552      1.00000      0.30090      0.06322     -0.06704     -0.07717      0.19801

  cars        -0.11293      0.30090      1.00000      0.26410      0.20263     -0.31544      0.37353

  temp        -0.05303      0.06322      0.26410      1.00000      0.21363     -0.35803      0.11924

  wind        -0.03974     -0.06704      0.20263      0.21363      1.00000     -0.27214      0.03228

  d_temp       0.00523     -0.07717     -0.31544     -0.35803     -0.27214      1.00000     -0.06956

  hours       -0.05669      0.19801      0.37353      0.11924      0.03228     -0.06956      1.00000
                                  REG: diagnostiche di collinearità                                  2
                                                                         21:42 Thursday, March 5, 2020

                                          The REG Procedure
                                             Model: mod1
                                      Dependent Variable: pm10 

                               Number of Observations Read         500
                               Number of Observations Used         500


                                         Analysis of Variance
 
                                                Sum of           Mean
            Source                   DF        Squares         Square    F Value    Pr > F

            Model                     3          65980          21993      19.95    <.0001
            Error                   496         546895     1102.61104                     
            Corrected Total         499         612876                                    


                         Root MSE             33.20559    R-Square     0.1077
                         Dependent Mean       37.87800    Adj R-Sq     0.1023
                         Coeff Var            87.66457                       


                                         Parameter Estimates
 
                       Parameter       Standard                                             Variance
  Variable     DF       Estimate          Error    t Value    Pr > |t|      Tolerance      Inflation

  Intercept     1       29.29468        3.49719       8.38      <.0001              .              0
  cars          1        0.00992        0.00135       7.34      <.0001        0.90785        1.10150
  temp          1        0.03112        0.24486       0.13      0.8989        0.90352        1.10678
  wind          1       -2.53225        0.82783      -3.06      0.0023        0.93138        1.07367


                                       Collinearity Diagnostics
 
                               Condition    -----------------Proportion of Variation----------------
    Number     Eigenvalue          Index      Intercept           cars           temp           wind

         1        2.70783        1.00000        0.02178        0.03365        0.01227        0.02775
         2        0.94558        1.69224        0.00794     0.00032077        0.89270        0.00219
         3        0.23079        3.42533        0.01282        0.75448        0.01418        0.38443
         4        0.11580        4.83575        0.95746        0.21155        0.08085        0.58564
                                  REG: diagnostiche di collinearità                                  3
                                                                         21:42 Thursday, March 5, 2020

                                          The REG Procedure
                                             Model: mod2
                                      Dependent Variable: pm10 

                               Number of Observations Read         500
                               Number of Observations Used         500


                                         Analysis of Variance
 
                                                Sum of           Mean
            Source                   DF        Squares         Square    F Value    Pr > F

            Model                     5          70647          14129      12.87    <.0001
            Error                   494         542229     1097.62946                     
            Corrected Total         499         612876                                    


                         Root MSE             33.13049    R-Square     0.1153
                         Dependent Mean       37.87800    Adj R-Sq     0.1063
                         Coeff Var            87.46632                       


                                         Parameter Estimates
 
                       Parameter       Standard                                             Variance
  Variable     DF       Estimate          Error    t Value    Pr > |t|      Tolerance      Inflation

  Intercept     1       25.31417        4.27825       5.92      <.0001              .              0
  cars          1        0.00874        0.00148       5.89      <.0001        0.74999        1.33335
  temp          1       -0.00870        0.25421      -0.03      0.9727        0.83445        1.19840
  wind          1       -2.49674        0.84106      -2.97      0.0031        0.89823        1.11330
  d_temp        1       -0.58319        1.68883      -0.35      0.7300        0.78906        1.26732
  hours         1        0.47924        0.23391       2.05      0.0410        0.85495        1.16966


                                       Collinearity Diagnostics
 
                                                             Condition
                                  Number     Eigenvalue          Index

                                       1        3.52171        1.00000
                                       2        1.34623        1.61740
                                       3        0.62933        2.36557
                                       4        0.25379        3.72508
                                       5        0.16464        4.62497
                                       6        0.08430        6.46354

                                  REG: diagnostiche di collinearità                                  4
                                                                         21:42 Thursday, March 5, 2020

                                          The REG Procedure
                                             Model: mod2
                                      Dependent Variable: pm10 

                                       Collinearity Diagnostics
 
              --------------------------------Proportion of Variation-------------------------------
    Number      Intercept           cars           temp           wind         d_temp          hours

         1        0.00877        0.01635        0.00479        0.01514     0.00011436        0.01381
         2        0.00172     0.00069343        0.26655     0.00001304        0.30482        0.00108
         3     0.00018543        0.00396        0.70482        0.00295        0.53880     0.00013998
         4        0.00981        0.20816     0.00083054        0.50837     0.00013683        0.14578
         5        0.01945        0.75677        0.00656        0.01598        0.08834        0.50887
         6        0.96007        0.01407        0.01645        0.45754        0.06778        0.33032
                                    REG: diagnostiche di influenza   21:42 Thursday, March 5, 2020   5

                                          The REG Procedure
                                             Model: mod1
                                      Dependent Variable: pm10 

                               Number of Observations Read         500
                               Number of Observations Used         500


                                         Analysis of Variance
 
                                                Sum of           Mean
            Source                   DF        Squares         Square    F Value    Pr > F

            Model                     3          65980          21993      19.95    <.0001
            Error                   496         546895     1102.61104                     
            Corrected Total         499         612876                                    


                         Root MSE             33.20559    R-Square     0.1077
                         Dependent Mean       37.87800    Adj R-Sq     0.1023
                         Coeff Var            87.66457                       


                                         Parameter Estimates
 
                                      Parameter       Standard
                 Variable     DF       Estimate          Error    t Value    Pr > |t|

                 Intercept     1       29.29468        3.49719       8.38      <.0001
                 cars          1        0.00992        0.00135       7.34      <.0001
                 temp          1        0.03112        0.24486       0.13      0.8989
                 wind          1       -2.53225        0.82783      -3.06      0.0023
                                    REG: diagnostiche di influenza   21:42 Thursday, March 5, 2020   6

                                          The REG Procedure
                                             Model: mod1
                                      Dependent Variable: pm10 

                                           Output Statistics
 
                              Hat Diag       Cov            ----------------DFBETAS----------------
   Obs   Residual   RStudent         H     Ratio    DFFITS  Intercept      cars      temp      wind

     1    -2.4079    -0.0726    0.0053    1.0134   -0.0053     0.0014   -0.0022    0.0035   -0.0020
     2   -26.5425    -0.8032    0.0103    1.0133   -0.0820     0.0380   -0.0500    0.0547   -0.0314
     3    21.9234     0.6653    0.0163    1.0212    0.0857     0.0074   -0.0295   -0.0638    0.0369
     4   -21.1253    -0.6365    0.0021    1.0069   -0.0292    -0.0126   -0.0043   -0.0024    0.0045
     5    19.4463     0.5869    0.0056    1.0109    0.0440    -0.0167    0.0072    0.0047    0.0301
     6   -10.0466    -0.3031    0.0054    1.0128   -0.0222    -0.0065   -0.0106   -0.0096    0.0107
     7   -21.1387    -0.6377    0.0046    1.0094   -0.0433    -0.0170   -0.0218   -0.0078    0.0256
     8    -1.6474    -0.0501    0.0210    1.0297   -0.0073     0.0039    0.0002   -0.0008   -0.0066
     9   -26.1149    -0.7880    0.0046    1.0077   -0.0537    -0.0465    0.0232   -0.0285    0.0236
    10   -30.5693    -0.9225    0.0045    1.0057   -0.0619     0.0211   -0.0103    0.0098   -0.0427
    11     4.5906     0.1387    0.0087    1.0168    0.0130     0.0040   -0.0056   -0.0084    0.0036
    12   -34.5114    -1.0456    0.0119    1.0112   -0.1145     0.0541   -0.1000    0.0235   -0.0136
    13   -12.8896    -0.3900    0.0112    1.0183   -0.0415    -0.0040    0.0282    0.0017   -0.0288
    14   188.0044     5.8782    0.0095    0.7770    0.5762    -0.2010   -0.0232   -0.3093    0.4543
    15     0.6477     0.0195    0.0057    1.0139    0.0015     0.0006    0.0008   -0.0002   -0.0009
    16    -0.1876  -0.005669    0.0085    1.0167   -0.0005    -0.0005    0.0003   -0.0001    0.0003
    17   -31.9989    -0.9659    0.0048    1.0053   -0.0668    -0.0220   -0.0384    0.0140    0.0366
    18   -15.3032    -0.4618    0.0055    1.0119   -0.0343     0.0120   -0.0056    0.0160   -0.0237
    19    -4.7159    -0.1425    0.0083    1.0163   -0.0130    -0.0099    0.0096   -0.0077    0.0017
    20    23.4532     0.7074    0.0041    1.0081    0.0452     0.0241    0.0091    0.0229   -0.0235
    21   -26.0735    -0.7882    0.0084    1.0115   -0.0724    -0.0270   -0.0112   -0.0560    0.0294
    22   -17.0015    -0.5153    0.0140    1.0203   -0.0615     0.0133   -0.0390   -0.0303    0.0051
    23    -8.5046    -0.2564    0.0038    1.0114   -0.0159    -0.0058   -0.0068    0.0065    0.0066
    24   -20.7792    -0.6282    0.0091    1.0141   -0.0601    -0.0289    0.0249   -0.0513    0.0047
    25   -32.1432    -0.9765    0.0173    1.0180   -0.1297    -0.0828    0.0145   -0.1046    0.0794
    26   -10.7294    -0.3248    0.0124    1.0199   -0.0364     0.0052   -0.0100    0.0330   -0.0088
    27   -30.2278    -0.9134    0.0071    1.0085   -0.0771    -0.0286   -0.0412   -0.0208    0.0515
    28   -25.8362    -0.7793    0.0040    1.0072   -0.0495     0.0050    0.0013    0.0244   -0.0289
    29    11.2709     0.3411    0.0115    1.0189    0.0368    -0.0148   -0.0056    0.0005    0.0328
    30    -2.6190    -0.0793    0.0116    1.0198   -0.0086    -0.0033    0.0034    0.0059   -0.0010
    31     1.7808     0.0538    0.0068    1.0149    0.0044    -0.0009    0.0035   -0.0020   -0.0003
    32    -4.1443    -0.1251    0.0059    1.0140   -0.0097    -0.0022    0.0060   -0.0031   -0.0052
    33    -6.2123    -0.1873    0.0045    1.0124   -0.0127    -0.0103    0.0004   -0.0047    0.0088
    34   -26.5193    -0.8013    0.0073    1.0102   -0.0686     0.0268    0.0014    0.0160   -0.0577
    35    -4.1256    -0.1245    0.0059    1.0140   -0.0096    -0.0080    0.0067    0.0007    0.0017
    36   -34.9690    -1.0552    0.0038    1.0029   -0.0654    -0.0208   -0.0364    0.0014    0.0320
    37    35.9675     1.0859    0.0047    1.0033    0.0745     0.0565    0.0100    0.0020   -0.0558
    38   -13.7880    -0.4162    0.0061    1.0128   -0.0325     0.0085   -0.0126   -0.0138   -0.0098
    39    46.3413     1.4053    0.0118    1.0040    0.1534    -0.0605    0.0852    0.0630    0.0374
    40   -29.2871    -0.8897    0.0176    1.0196   -0.1191     0.0748   -0.0594   -0.0209   -0.0685
    41     8.6079     0.2605    0.0112    1.0190    0.0278    -0.0110    0.0177    0.0094    0.0052
    42   -29.9365    -0.9027    0.0030    1.0045   -0.0492     0.0030    0.0009    0.0006   -0.0274
    43   -22.4869    -0.6792    0.0071    1.0115   -0.0573    -0.0529    0.0163    0.0067    0.0381
    44   -16.5044    -0.4976    0.0036    1.0097   -0.0299     0.0068   -0.0125    0.0127   -0.0116
    45    10.8711     0.3277    0.0035    1.0107    0.0193     0.0130   -0.0080   -0.0063   -0.0017
                                    REG: diagnostiche di influenza   21:42 Thursday, March 5, 2020   7

                                          The REG Procedure
                                             Model: mod1
                                      Dependent Variable: pm10 

                                           Output Statistics
 
                              Hat Diag       Cov            ----------------DFBETAS----------------
   Obs   Residual   RStudent         H     Ratio    DFFITS  Intercept      cars      temp      wind

    46    39.8626     1.2033    0.0038    1.0002    0.0739     0.0612   -0.0398   -0.0070   -0.0158
    47    18.8169     0.5688    0.0089    1.0145    0.0539     0.0537   -0.0292    0.0095   -0.0321
    48     9.1922     0.2773    0.0050    1.0125    0.0196    -0.0009    0.0070    0.0105    0.0014
    49    -5.2979    -0.1599    0.0064    1.0144   -0.0128    -0.0095    0.0100   -0.0055    0.0003
    50     0.1320   0.003991    0.0103    1.0186    0.0004     0.0003   -0.0003    0.0003    0.0000
    51   -13.8622    -0.4185    0.0067    1.0135   -0.0344    -0.0148    0.0244    0.0082   -0.0125
    52   -21.7433    -0.6618    0.0223    1.0274   -0.0998     0.0139   -0.0327   -0.0758   -0.0015
    53     1.2349     0.0374    0.0143    1.0227    0.0045     0.0009    0.0004    0.0040   -0.0008
    54   -34.5223    -1.0489    0.0174    1.0169   -0.1395     0.0731   -0.1003    0.0926   -0.0434
    55    16.1325     0.4868    0.0054    1.0117    0.0360     0.0283    0.0036    0.0005   -0.0282
    56   -12.5798    -0.3791    0.0033    1.0103   -0.0218     0.0039   -0.0036    0.0065   -0.0120
    57   -26.2201    -0.7978    0.0212    1.0246   -0.1174     0.0290   -0.0549   -0.0757   -0.0058
    58     1.3240     0.0400    0.0059    1.0141    0.0031     0.0026   -0.0022   -0.0000   -0.0005
    59   -15.5633    -0.4704    0.0089    1.0153   -0.0445     0.0035   -0.0067    0.0385   -0.0135
    60   -13.4154    -0.4044    0.0036    1.0104   -0.0243    -0.0171    0.0150    0.0018   -0.0005
    61    -8.5509    -0.2582    0.0074    1.0151   -0.0223    -0.0203    0.0125   -0.0122    0.0104
    62    11.8003     0.3558    0.0043    1.0114    0.0234     0.0133    0.0085   -0.0001   -0.0159
    63    -6.6803    -0.2016    0.0065    1.0144   -0.0164    -0.0085   -0.0005   -0.0122    0.0075
    64   -13.0666    -0.3948    0.0084    1.0153   -0.0363    -0.0073    0.0109    0.0262   -0.0115
    65   -20.4105    -0.6168    0.0080    1.0131   -0.0555     0.0098    0.0176    0.0179   -0.0447
    66   117.8153     3.5997    0.0051    0.9138    0.2573     0.1899    0.0321    0.0830   -0.1931
    67   -30.9651    -0.9344    0.0043    1.0054   -0.0615     0.0218   -0.0199    0.0020   -0.0352
    68   -12.7354    -0.3851    0.0100    1.0171   -0.0388    -0.0093    0.0058   -0.0341    0.0000
    69     8.8657     0.2688    0.0155    1.0234    0.0338     0.0027   -0.0007   -0.0305    0.0061
    70   -20.4330    -0.6159    0.0029    1.0079   -0.0331    -0.0180   -0.0076    0.0088    0.0141
    71   -12.3373    -0.3717    0.0025    1.0095   -0.0185    -0.0080   -0.0058    0.0020    0.0060
    72    -9.4104    -0.2843    0.0081    1.0157   -0.0257    -0.0249    0.0119    0.0004    0.0154
    73   -31.5822    -0.9567    0.0118    1.0127   -0.1048    -0.0066   -0.0846    0.0214    0.0554
    74     5.2272     0.1580    0.0098    1.0179    0.0157     0.0096   -0.0041   -0.0097   -0.0045
    75     6.7061     0.2025    0.0069    1.0147    0.0168     0.0095    0.0055   -0.0056   -0.0118
    76    72.7413     2.2061    0.0062    0.9755    0.1749    -0.0674    0.0646   -0.1049    0.0963
    77    29.1214     0.8803    0.0079    1.0098    0.0785    -0.0308    0.0272    0.0287    0.0372
    78   -16.9160    -0.5105    0.0057    1.0118   -0.0388     0.0030    0.0065    0.0224   -0.0239
    79     1.6341     0.0494    0.0112    1.0195    0.0053    -0.0030    0.0023   -0.0030    0.0034
    80   108.6947     3.3199    0.0082    0.9307    0.3018     0.2644   -0.1371    0.1902   -0.1611
    81    -1.9870    -0.0600    0.0065    1.0147   -0.0049     0.0024   -0.0015    0.0001   -0.0033
    82   152.4774     4.6960    0.0033    0.8496    0.2687     0.1817    0.0424   -0.0345   -0.1554
    83     5.7266     0.1728    0.0064    1.0143    0.0139     0.0118   -0.0084   -0.0025   -0.0038
    84   -19.1616    -0.5800    0.0115    1.0171   -0.0625    -0.0517    0.0393   -0.0424    0.0230
    85    -8.9381    -0.2695    0.0045    1.0120   -0.0181    -0.0105   -0.0006    0.0097    0.0069
    86   -11.7567    -0.3541    0.0021    1.0092   -0.0163    -0.0078   -0.0001   -0.0037    0.0017
    87   -28.6326    -0.8673    0.0121    1.0142   -0.0958    -0.0194    0.0176   -0.0850   -0.0052
    88   -28.1299    -0.8521    0.0121    1.0145   -0.0943    -0.0009   -0.0740    0.0430    0.0399
    89   -11.1757    -0.3390    0.0159    1.0235   -0.0431    -0.0304    0.0134   -0.0356    0.0225
    90   -12.8323    -0.3870    0.0047    1.0116   -0.0266     0.0003    0.0065    0.0121   -0.0165
                                    REG: diagnostiche di influenza   21:42 Thursday, March 5, 2020   8

                                          The REG Procedure
                                             Model: mod1
                                      Dependent Variable: pm10 

                                           Output Statistics
 
                              Hat Diag       Cov            ----------------DFBETAS----------------
   Obs   Residual   RStudent         H     Ratio    DFFITS  Intercept      cars      temp      wind

    91   -28.5766    -0.8673    0.0160    1.0183   -0.1105    -0.0085   -0.0894    0.0104    0.0650
    92   -16.0686    -0.4860    0.0100    1.0163   -0.0487     0.0203    0.0043   -0.0010   -0.0425
    93   -24.3649    -0.7357    0.0062    1.0099   -0.0579    -0.0103   -0.0250    0.0410    0.0136
    94     5.9304     0.1794    0.0104    1.0184    0.0184     0.0112    0.0028    0.0111   -0.0135
    95     2.6573     0.0808    0.0214    1.0301    0.0119     0.0020   -0.0007   -0.0107    0.0007
    96   -29.1337    -0.8794    0.0051    1.0070   -0.0632    -0.0238    0.0299   -0.0416   -0.0133
    97    -6.0885    -0.1845    0.0146    1.0228   -0.0225    -0.0042   -0.0050    0.0196    0.0037
    98   -35.8013    -1.0807    0.0043    1.0030   -0.0712     0.0015   -0.0473   -0.0104    0.0123
    99   -33.0411    -0.9969    0.0037    1.0038   -0.0608    -0.0473    0.0046   -0.0267    0.0352
   100    -4.8587    -0.1467    0.0071    1.0151   -0.0124    -0.0088   -0.0014   -0.0060    0.0095
   101   -13.0579    -0.3942    0.0064    1.0134   -0.0317    -0.0132    0.0077    0.0221   -0.0008
   102    -7.8380    -0.2361    0.0023    1.0100   -0.0113    -0.0009   -0.0019    0.0015   -0.0032
   103   -35.9156    -1.0892    0.0135    1.0122   -0.1276    -0.0193   -0.0973    0.0182    0.0800
   104   -19.2088    -0.5789    0.0027    1.0081   -0.0300    -0.0148   -0.0094   -0.0011    0.0131
   105    76.7529     2.3329    0.0095    0.9742    0.2284     0.0995    0.0783   -0.1305   -0.1299
   106    41.1370     1.2476    0.0129    1.0085    0.1426    -0.0021    0.1183   -0.0495   -0.0634
   107    -3.5003    -0.1057    0.0068    1.0150   -0.0088    -0.0058    0.0066   -0.0047   -0.0003
   108    10.9245     0.3297    0.0063    1.0136    0.0263     0.0207   -0.0027   -0.0089   -0.0160
   109   -19.2473    -0.5820    0.0094    1.0148   -0.0565     0.0059   -0.0488    0.0112    0.0186
   110    40.6232     1.2309    0.0111    1.0070    0.1305    -0.0080   -0.0208    0.0943    0.0525
   111    59.4874     1.7978    0.0025    0.9847    0.0907     0.0496    0.0137    0.0253   -0.0338
   112    52.6779     1.6018    0.0160    1.0035    0.2041    -0.0944   -0.0137    0.0426    0.1731
   113     3.2532     0.0981    0.0055    1.0136    0.0073     0.0065   -0.0050    0.0007   -0.0019
   114   -35.2927    -1.0669    0.0073    1.0063   -0.0918    -0.0511   -0.0159   -0.0574    0.0583
   115   -25.8121    -0.7796    0.0066    1.0098   -0.0636    -0.0232   -0.0372   -0.0030    0.0430
   116   -26.0943    -0.7909    0.0136    1.0169   -0.0929    -0.0236   -0.0017   -0.0831    0.0186
   117   -14.9091    -0.4502    0.0069    1.0135   -0.0376     0.0188   -0.0156   -0.0017   -0.0225
   118   -22.0236    -0.6660    0.0094    1.0141   -0.0650     0.0280   -0.0109   -0.0207   -0.0428
   119    82.9373     2.5286    0.0137    0.9709    0.2976    -0.1348    0.1442    0.1226    0.1087
   120   -19.0090    -0.5729    0.0028    1.0082   -0.0302    -0.0190    0.0136   -0.0112   -0.0002
   121   -12.5956    -0.3802    0.0065    1.0136   -0.0308     0.0115   -0.0105    0.0195   -0.0170
   122     9.5709     0.2886    0.0041    1.0115    0.0184     0.0060   -0.0044   -0.0110    0.0039
   123    18.9653     0.5739    0.0110    1.0166    0.0604    -0.0087    0.0533   -0.0053   -0.0193
   124    -1.3867    -0.0419    0.0079    1.0161   -0.0037     0.0008   -0.0014   -0.0020   -0.0008
   125    -9.4424    -0.2849    0.0058    1.0133   -0.0218    -0.0101    0.0168   -0.0033   -0.0080
   126   -12.3676    -0.3729    0.0041    1.0111   -0.0238    -0.0143    0.0015   -0.0156    0.0092
   127    -6.5138    -0.1964    0.0047    1.0126   -0.0135    -0.0126    0.0082   -0.0023    0.0048
   128   -21.1022    -0.6372    0.0066    1.0115   -0.0521    -0.0052    0.0278    0.0142   -0.0339
   129     4.1817     0.1265    0.0114    1.0196    0.0136     0.0082    0.0028    0.0075   -0.0105
   130    -7.1174    -0.2168    0.0244    1.0329   -0.0343     0.0214   -0.0030    0.0015   -0.0313
   131    -3.3057    -0.0997    0.0040    1.0121   -0.0063    -0.0049    0.0041   -0.0024    0.0006
   132    65.6582     2.0023    0.0189    0.9949    0.2780    -0.0067    0.2053   -0.1721   -0.1039
   133   -10.5931    -0.3196    0.0055    1.0128   -0.0237    -0.0188    0.0176   -0.0001    0.0017
   134   -11.6580    -0.3530    0.0123    1.0196   -0.0394    -0.0056    0.0283   -0.0093   -0.0251
   135     0.4918     0.0148    0.0054    1.0136    0.0011     0.0009   -0.0008    0.0003   -0.0001
                                    REG: diagnostiche di influenza   21:42 Thursday, March 5, 2020   9

                                          The REG Procedure
                                             Model: mod1
                                      Dependent Variable: pm10 

                                           Output Statistics
 
                              Hat Diag       Cov            ----------------DFBETAS----------------
   Obs   Residual   RStudent         H     Ratio    DFFITS  Intercept      cars      temp      wind

   136   -44.7261    -1.3540    0.0087    1.0021   -0.1270     0.0526   -0.1056    0.0447   -0.0161
   137    -2.0471    -0.0618    0.0069    1.0151   -0.0052    -0.0040    0.0040   -0.0023    0.0004
   138   -10.9084    -0.3295    0.0076    1.0149   -0.0288     0.0077    0.0063   -0.0036   -0.0235
   139     2.0896     0.0630    0.0048    1.0130    0.0044     0.0024   -0.0029    0.0023    0.0007
   140    -2.1733    -0.0656    0.0070    1.0151   -0.0055    -0.0007    0.0031    0.0014   -0.0035
   141    11.5616     0.3496    0.0101    1.0174    0.0354    -0.0070    0.0049   -0.0297    0.0160
   142   -38.4279    -1.1601    0.0042    1.0014   -0.0749    -0.0282   -0.0392   -0.0056    0.0419
   143    37.7458     1.1440    0.0121    1.0097    0.1266    -0.0057    0.0184   -0.1151    0.0289
   144    40.6740     1.2278    0.0037    0.9996    0.0748     0.0486    0.0056    0.0359   -0.0407
   145   -14.5924    -0.4397    0.0025    1.0091   -0.0221    -0.0050   -0.0089   -0.0022    0.0035
   146    -7.8494    -0.2372    0.0089    1.0167   -0.0225    -0.0048    0.0157    0.0034   -0.0133
   147     5.5809     0.1683    0.0047    1.0126    0.0115     0.0053    0.0050    0.0030   -0.0072
   148    39.8371     1.2052    0.0082    1.0046    0.1099     0.0660   -0.0864    0.0588    0.0131
   149     8.7530     0.2644    0.0077    1.0154    0.0233     0.0231   -0.0111    0.0035   -0.0146
   150    -9.9977    -0.3020    0.0081    1.0156   -0.0273    -0.0089    0.0208   -0.0080   -0.0130
   151   -22.4294    -0.6765    0.0042    1.0086   -0.0439    -0.0015   -0.0311    0.0085    0.0110
   152    -7.3939    -0.2230    0.0049    1.0127   -0.0157    -0.0070    0.0045    0.0097   -0.0009
   153   -23.5743    -0.7127    0.0087    1.0128   -0.0668    -0.0524    0.0341   -0.0487    0.0254
   154   138.7206     4.2664    0.0079    0.8795    0.3809     0.1936    0.1637    0.0992   -0.2949
   155     2.2667     0.0687    0.0158    1.0242    0.0087    -0.0021    0.0033   -0.0079    0.0023
   156    24.0680     0.7267    0.0062    1.0100    0.0572     0.0542   -0.0320   -0.0002   -0.0257
   157    -0.9513    -0.0288    0.0102    1.0184   -0.0029    -0.0004    0.0013    0.0018   -0.0014
   158   -19.2003    -0.5795    0.0058    1.0112   -0.0441    -0.0429    0.0217   -0.0140    0.0244
   159    -3.7662    -0.1135    0.0041    1.0121   -0.0073    -0.0045    0.0036    0.0027   -0.0002
   160   -46.5834    -1.4074    0.0045    0.9966   -0.0947    -0.0117   -0.0654    0.0039    0.0359
   161   -15.4446    -0.4654    0.0027    1.0091   -0.0244    -0.0003   -0.0019   -0.0054   -0.0091
   162    19.9127     0.6004    0.0038    1.0091    0.0373     0.0318   -0.0075    0.0154   -0.0215
   163    14.7611     0.4462    0.0092    1.0158    0.0429    -0.0108    0.0321    0.0113   -0.0029
   164   -26.1767    -0.7921    0.0103    1.0135   -0.0808    -0.0050   -0.0643    0.0217    0.0401
   165   -17.6872    -0.5336    0.0049    1.0108   -0.0375     0.0160   -0.0168    0.0087   -0.0207
   166    20.0721     0.6047    0.0021    1.0073    0.0280     0.0056    0.0045   -0.0048    0.0042
   167    36.4793     1.1038    0.0089    1.0073    0.1049    -0.0356   -0.0165    0.0133    0.0877
   168    37.6585     1.1380    0.0062    1.0038    0.0896     0.0861   -0.0564    0.0191   -0.0379
   169   -24.9156    -0.7514    0.0036    1.0072   -0.0454    -0.0399    0.0086    0.0007    0.0263
   170   -24.8753    -0.7504    0.0044    1.0080   -0.0499    -0.0388    0.0348   -0.0170    0.0037
   171   -25.4039    -0.7658    0.0028    1.0061   -0.0404    -0.0319    0.0051    0.0019    0.0183
   172   -36.7598    -1.1095    0.0040    1.0021   -0.0699    -0.0146   -0.0403   -0.0129    0.0268
   173   -45.7810    -1.3826    0.0038    0.9965   -0.0857    -0.0202   -0.0433   -0.0257    0.0309
   174    20.8076     0.6297    0.0110    1.0160    0.0663     0.0142    0.0441   -0.0271   -0.0386
   175   -22.6788    -0.6851    0.0071    1.0115   -0.0580    -0.0462    0.0186   -0.0403    0.0306
   176   -19.3276    -0.5835    0.0061    1.0115   -0.0458     0.0121   -0.0281    0.0294   -0.0086
   177    22.9705     0.6928    0.0041    1.0083    0.0445     0.0042    0.0069    0.0265    0.0039
   178   -22.1739    -0.6719    0.0134    1.0181   -0.0784    -0.0107   -0.0606    0.0093    0.0483
   179    11.6153     0.3509    0.0080    1.0152    0.0315     0.0008    0.0047    0.0237    0.0020
   180    84.6160     2.5667    0.0032    0.9593    0.1457     0.0850    0.0303    0.0478   -0.0769
                                    REG: diagnostiche di influenza   21:42 Thursday, March 5, 2020  10

                                          The REG Procedure
                                             Model: mod1
                                      Dependent Variable: pm10 

                                           Output Statistics
 
                              Hat Diag       Cov            ----------------DFBETAS----------------
   Obs   Residual   RStudent         H     Ratio    DFFITS  Intercept      cars      temp      wind

   181    71.2818     2.1609    0.0059    0.9767    0.1658     0.1618   -0.0772    0.0509   -0.0964
   182     3.7194     0.1129    0.0184    1.0268    0.0154    -0.0042   -0.0016    0.0093    0.0091
   183   -20.5635    -0.6211    0.0071    1.0122   -0.0527     0.0248   -0.0361    0.0015   -0.0174
   184   -21.5761    -0.6521    0.0084    1.0131   -0.0598    -0.0509    0.0392   -0.0359    0.0197
   185    29.5975     0.8956    0.0099    1.0116    0.0897    -0.0382   -0.0066    0.0009    0.0782
   186   -24.5169    -0.7414    0.0092    1.0129   -0.0714    -0.0143   -0.0312   -0.0443    0.0300
   187    41.4218     1.2502    0.0032    0.9987    0.0713     0.0182    0.0316   -0.0312   -0.0175
   188   -27.0223    -0.8152    0.0040    1.0068   -0.0518     0.0170   -0.0250    0.0145   -0.0225
   189     9.7403     0.2953    0.0149    1.0227    0.0364     0.0012    0.0007   -0.0331    0.0076
   190   132.6884     4.0852    0.0129    0.8945    0.4678    -0.2927    0.1655    0.0045    0.3459
   191   -24.3951    -0.7356    0.0034    1.0072   -0.0433    -0.0018   -0.0222   -0.0112    0.0038
   192   -12.1652    -0.3706    0.0244    1.0322   -0.0586     0.0309    0.0051   -0.0037   -0.0542
   193    22.8328     0.6890    0.0052    1.0095    0.0498     0.0103   -0.0056    0.0367    0.0059
   194    62.1271     1.8859    0.0106    0.9902    0.1956    -0.0842    0.1700   -0.0275    0.0146
   195   -19.4150    -0.5864    0.0070    1.0124   -0.0493    -0.0425    0.0200    0.0137    0.0231
   196    -3.6896    -0.1113    0.0057    1.0138   -0.0084    -0.0032    0.0061   -0.0021   -0.0036
   197   -30.8773    -0.9351    0.0114    1.0125   -0.1003     0.0450   -0.0605   -0.0314   -0.0286
   198   -10.4390    -0.3148    0.0047    1.0121   -0.0217    -0.0009   -0.0081    0.0158   -0.0009
   199     1.3008     0.0394    0.0110    1.0193    0.0041    -0.0014   -0.0009    0.0008    0.0035
   200   -31.9746    -0.9673    0.0091    1.0097   -0.0925    -0.0378   -0.0514    0.0153    0.0684
   201    48.5637     1.4694    0.0071    0.9978    0.1241    -0.0406    0.0308   -0.0856    0.0701
   202    21.2146     0.6405    0.0064    1.0112    0.0512     0.0329    0.0127   -0.0139   -0.0371
   203   -13.0552    -0.3966    0.0191    1.0265   -0.0554     0.0195   -0.0383    0.0434   -0.0061
   204    37.9590     1.1509    0.0128    1.0103    0.1312     0.0839   -0.0349   -0.0791   -0.0459
   205   -13.0286    -0.3931    0.0054    1.0123   -0.0290    -0.0235    0.0217   -0.0099    0.0033
   206   -17.4544    -0.5262    0.0035    1.0094   -0.0312    -0.0039    0.0118   -0.0000   -0.0182
   207    86.8022     2.6366    0.0052    0.9584    0.1905     0.0400    0.0148    0.1392   -0.0094
   208   164.6145     5.1113    0.0116    0.8303    0.5548    -0.1892   -0.0815   -0.2611    0.4660
   209   -14.4027    -0.4346    0.0057    1.0124   -0.0330    -0.0236    0.0151    0.0138    0.0061
   210    -4.7921    -0.1446    0.0058    1.0138   -0.0111    -0.0103    0.0074   -0.0030    0.0039
   211   -27.0659    -0.8164    0.0039    1.0066   -0.0512    -0.0479    0.0198   -0.0070    0.0261
   212     0.1580   0.004770    0.0070    1.0152    0.0004     0.0004   -0.0002    0.0000   -0.0002
   213    53.8804     1.6334    0.0098    0.9964    0.1622    -0.0493    0.1445   -0.0325   -0.0154
   214     5.5342     0.1670    0.0056    1.0135    0.0125     0.0066   -0.0097    0.0033    0.0036
   215   -15.6764    -0.4727    0.0040    1.0104   -0.0301    -0.0168   -0.0006   -0.0192    0.0121
   216   -18.5225    -0.5607    0.0116    1.0173   -0.0606    -0.0123   -0.0441    0.0055    0.0394
   217   -37.7694    -1.1420    0.0074    1.0050   -0.0988     0.0546   -0.0447    0.0166   -0.0633
   218    20.5964     0.6232    0.0107    1.0158    0.0647    -0.0134   -0.0024    0.0398    0.0324
   219   -11.1848    -0.3388    0.0133    1.0208   -0.0394     0.0009   -0.0321    0.0168    0.0165
   220   -27.4440    -0.8280    0.0043    1.0069   -0.0544    -0.0468    0.0348   -0.0179    0.0124
   221   -21.9577    -0.6648    0.0119    1.0166   -0.0728    -0.0576    0.0457   -0.0519    0.0238
   222    44.2693     1.3526    0.0269    1.0208    0.2251    -0.1519    0.0618    0.0219    0.1796
   223   -26.6154    -0.8084    0.0176    1.0208   -0.1083    -0.0617   -0.0089   -0.0796    0.0742
   224   -17.4261    -0.5261    0.0065    1.0125   -0.0426    -0.0412    0.0146   -0.0136    0.0295
   225    23.9266     0.7212    0.0026    1.0065    0.0369     0.0145    0.0047    0.0155   -0.0062
                                    REG: diagnostiche di influenza   21:42 Thursday, March 5, 2020  11

                                          The REG Procedure
                                             Model: mod1
                                      Dependent Variable: pm10 

                                           Output Statistics
 
                              Hat Diag       Cov            ----------------DFBETAS----------------
   Obs   Residual   RStudent         H     Ratio    DFFITS  Intercept      cars      temp      wind

   226   -16.5887    -0.5030    0.0152    1.0216   -0.0626    -0.0084   -0.0424    0.0334    0.0322
   227    16.8233     0.5081    0.0070    1.0131    0.0428    -0.0089    0.0009    0.0220    0.0222
   228   -16.0147    -0.4831    0.0047    1.0109   -0.0331     0.0039   -0.0061    0.0228   -0.0137
   229   -13.9643    -0.4255    0.0248    1.0323   -0.0679     0.0353   -0.0038    0.0405   -0.0569
   230     0.6954     0.0210    0.0101    1.0184    0.0021    -0.0006    0.0019   -0.0001   -0.0003
   231    38.4941     1.1627    0.0051    1.0023    0.0834    -0.0249    0.0617   -0.0215    0.0106
   232   -15.8021    -0.4763    0.0033    1.0096   -0.0273     0.0053   -0.0085    0.0096   -0.0124
   233   -20.2800    -0.6116    0.0040    1.0091   -0.0387    -0.0084   -0.0203   -0.0115    0.0139
   234   -21.4882    -0.6489    0.0066    1.0114   -0.0529    -0.0403    0.0425   -0.0199    0.0018
   235    49.6039     1.5024    0.0089    0.9988    0.1424     0.0873    0.0241    0.0820   -0.1037
   236   -16.4484    -0.4970    0.0081    1.0144   -0.0450    -0.0150    0.0351   -0.0039   -0.0225
   237    -9.0023    -0.2713    0.0033    1.0109   -0.0157    -0.0052    0.0008   -0.0097    0.0001
   238   -40.0495    -1.2094    0.0046    1.0009   -0.0821    -0.0406   -0.0361   -0.0086    0.0546
   239    60.3116     1.8263    0.0062    0.9875    0.1443    -0.0509   -0.0006    0.0083    0.1127
   240    -2.2740    -0.0687    0.0074    1.0155   -0.0059    -0.0054    0.0040   -0.0027    0.0022
   241    -3.7521    -0.1134    0.0096    1.0178   -0.0112    -0.0007    0.0058    0.0047   -0.0072
   242    -1.5713    -0.0474    0.0073    1.0155   -0.0041    -0.0037    0.0026   -0.0021    0.0016
   243   -16.3271    -0.4934    0.0083    1.0146   -0.0452     0.0262   -0.0210    0.0077   -0.0294
   244    16.9096     0.5124    0.0139    1.0202    0.0609     0.0154    0.0106   -0.0517   -0.0127
   245    32.7487     0.9894    0.0065    1.0067    0.0801     0.0204    0.0205    0.0565   -0.0236
   246    -7.5475    -0.2280    0.0081    1.0160   -0.0207    -0.0201    0.0132   -0.0067    0.0100
   247   -10.1136    -0.3062    0.0127    1.0203   -0.0348     0.0229   -0.0165    0.0099   -0.0244
   248   -15.1808    -0.4573    0.0023    1.0087   -0.0219    -0.0089   -0.0041   -0.0050    0.0042
   249    25.8650     0.7834    0.0121    1.0154    0.0867    -0.0237    0.0789   -0.0234   -0.0150
   250    29.1453     0.8815    0.0089    1.0108    0.0837     0.0828   -0.0483    0.0263   -0.0474
   251   -12.2303    -0.3685    0.0026    1.0096   -0.0188    -0.0003   -0.0019    0.0058   -0.0076
   252    53.0468     1.6069    0.0085    0.9958    0.1485     0.1071   -0.0262   -0.0733   -0.0728
   253    -4.3915    -0.1330    0.0125    1.0208   -0.0150    -0.0015    0.0021    0.0127   -0.0041
   254    -5.3880    -0.1633    0.0142    1.0224   -0.0196    -0.0027    0.0138   -0.0072   -0.0119
   255    -0.7459    -0.0225    0.0061    1.0143   -0.0018    -0.0015    0.0002    0.0004    0.0012
   256    -7.2010    -0.2174    0.0073    1.0151   -0.0186    -0.0174    0.0086    0.0020    0.0100
   257   -11.2663    -0.3408    0.0108    1.0182   -0.0356    -0.0017   -0.0288    0.0082    0.0178
   258   -16.8344    -0.5100    0.0132    1.0194   -0.0589    -0.0110    0.0035   -0.0528    0.0025
   259     2.6209     0.0791    0.0070    1.0152    0.0066     0.0032   -0.0044   -0.0023    0.0018
   260   -18.9160    -0.5726    0.0115    1.0171   -0.0617     0.0084   -0.0459   -0.0207    0.0154
   261   -39.1809    -1.1845    0.0069    1.0037   -0.0987     0.0373   -0.0732    0.0463   -0.0195
   262   -14.8280    -0.4483    0.0092    1.0158   -0.0432    -0.0192   -0.0228   -0.0032    0.0337
   263    28.3379     0.8558    0.0062    1.0084    0.0675     0.0555   -0.0001    0.0239   -0.0532
   264    89.9157     2.7470    0.0154    0.9638    0.3441    -0.0227    0.1882   -0.2878   -0.0412
   265   -15.5594    -0.4688    0.0025    1.0088   -0.0234    -0.0071   -0.0068   -0.0060    0.0039
   266   -16.4963    -0.4979    0.0059    1.0120   -0.0383    -0.0220    0.0230    0.0148   -0.0043
   267   -30.7870    -0.9299    0.0062    1.0074   -0.0737    -0.0648    0.0114   -0.0313    0.0545
   268   -20.3408    -0.6146    0.0078    1.0129   -0.0544    -0.0519    0.0341   -0.0226    0.0253
   269    51.0189     1.5419    0.0042    0.9932    0.1006    -0.0087    0.0272    0.0467    0.0233
   270   -40.3279    -1.2175    0.0040    1.0001   -0.0770     0.0107   -0.0516   -0.0003   -0.0004
                                    REG: diagnostiche di influenza   21:42 Thursday, March 5, 2020  12

                                          The REG Procedure
                                             Model: mod1
                                      Dependent Variable: pm10 

                                           Output Statistics
 
                              Hat Diag       Cov            ----------------DFBETAS----------------
   Obs   Residual   RStudent         H     Ratio    DFFITS  Intercept      cars      temp      wind

   271    18.5880     0.5627    0.0116    1.0174    0.0611    -0.0232    0.0503    0.0073    0.0011
   272     9.3824     0.2828    0.0037    1.0112    0.0172     0.0101    0.0050   -0.0033   -0.0103
   273    23.8484     0.7204    0.0071    1.0111    0.0610     0.0598   -0.0341    0.0203   -0.0328
   274    -7.7286    -0.2343    0.0151    1.0231   -0.0290     0.0137    0.0033    0.0022   -0.0269
   275     2.5924     0.0782    0.0048    1.0129    0.0054     0.0052   -0.0028    0.0008   -0.0025
   276   -23.0537    -0.6953    0.0040    1.0082   -0.0439    -0.0310   -0.0050   -0.0155    0.0288
   277   180.5429     5.6645    0.0209    0.8009    0.8279    -0.4208    0.1003    0.3118    0.5882
   278     3.7723     0.1143    0.0134    1.0217    0.0133    -0.0012    0.0017   -0.0121    0.0039
   279   -11.7114    -0.3535    0.0061    1.0133   -0.0277    -0.0136    0.0219   -0.0036   -0.0094
   280    83.3097     2.5328    0.0080    0.9653    0.2279     0.0856    0.1313    0.0271   -0.1634
   281   -31.3936    -0.9506    0.0111    1.0120   -0.1006     0.0601   -0.0677    0.0412   -0.0481
   282   -24.9512    -0.7534    0.0061    1.0096   -0.0590     0.0111   -0.0201    0.0451   -0.0195
   283   -35.9135    -1.0839    0.0040    1.0026   -0.0686    -0.0448   -0.0115   -0.0258    0.0435
   284   -18.3575    -0.5538    0.0049    1.0106   -0.0389     0.0121   -0.0275    0.0116   -0.0070
   285   112.9692     3.4556    0.0093    0.9250    0.3351     0.1469   -0.0007    0.2815   -0.1263
   286    93.8798     2.8546    0.0050    0.9491    0.2019     0.1158    0.0343    0.1114   -0.1183
   287   -24.9557    -0.7525    0.0034    1.0069   -0.0439     0.0071   -0.0044   -0.0054   -0.0240
   288   -30.4376    -0.9188    0.0051    1.0063   -0.0655    -0.0139   -0.0436    0.0009    0.0325
   289   -18.2034    -0.5495    0.0062    1.0120   -0.0436    -0.0302    0.0359   -0.0086   -0.0041
   290    -9.8056    -0.2993    0.0282    1.0367   -0.0510     0.0272    0.0051   -0.0035   -0.0474
   291    28.8752     0.8770    0.0172    1.0194    0.1161    -0.0423   -0.0340   -0.0107    0.1077
   292    24.0521     0.7270    0.0083    1.0122    0.0666     0.0234    0.0320    0.0297   -0.0420
   293   -22.6292    -0.6846    0.0103    1.0147   -0.0697    -0.0153   -0.0413    0.0382    0.0355
   294    12.0370     0.3635    0.0071    1.0142    0.0307    -0.0011    0.0055    0.0213    0.0043
   295   -12.5992    -0.3811    0.0102    1.0173   -0.0387     0.0209   -0.0291    0.0026   -0.0123
   296   -23.5963    -0.7154    0.0142    1.0184   -0.0858     0.0164   -0.0337    0.0775   -0.0164
   297    30.8067     0.9315    0.0084    1.0095    0.0856     0.0846   -0.0489    0.0262   -0.0480
   298    -6.4929    -0.1960    0.0066    1.0145   -0.0160    -0.0141    0.0089    0.0030    0.0058
   299   -17.8350    -0.5374    0.0025    1.0083   -0.0271    -0.0127   -0.0076    0.0050    0.0094
   300   -31.4053    -0.9508    0.0106    1.0115   -0.0985     0.0475   -0.0501    0.0672   -0.0485
   301   -10.9559    -0.3309    0.0075    1.0148   -0.0288    -0.0015    0.0153   -0.0096   -0.0187
   302   -33.0199    -0.9978    0.0068    1.0069   -0.0824     0.0130   -0.0690    0.0148    0.0159
   303   -19.3669    -0.5850    0.0073    1.0127   -0.0502     0.0147   -0.0351    0.0308   -0.0061
   304   -15.3795    -0.4645    0.0073    1.0138   -0.0398    -0.0276    0.0230    0.0158    0.0039
   305    14.8799     0.4495    0.0077    1.0143    0.0396     0.0370   -0.0212   -0.0039   -0.0190
   306   -12.1108    -0.3651    0.0038    1.0109   -0.0226    -0.0170    0.0153   -0.0039    0.0003
   307     7.8311     0.2364    0.0069    1.0147    0.0197     0.0094   -0.0123   -0.0080    0.0048
   308    11.1002     0.3355    0.0088    1.0162    0.0317     0.0188   -0.0211    0.0226    0.0001
   309    -0.1491  -0.004493    0.0035    1.0116   -0.0003    -0.0002    0.0002   -0.0000    0.0000
   310   -17.5162    -0.5291    0.0075    1.0134   -0.0460    -0.0137    0.0329    0.0059   -0.0239
   311    -7.0311    -0.2123    0.0074    1.0153   -0.0183    -0.0125    0.0090    0.0085    0.0028
   312    13.8408     0.4175    0.0051    1.0118    0.0298     0.0056    0.0203   -0.0043   -0.0140
   313   -20.0378    -0.6043    0.0042    1.0094   -0.0395    -0.0097   -0.0041    0.0283   -0.0009
   314    -5.2173    -0.1575    0.0071    1.0151   -0.0133     0.0002    0.0062   -0.0038   -0.0092
   315   -18.4115    -0.5552    0.0040    1.0096   -0.0350     0.0082   -0.0158   -0.0062   -0.0108
                                    REG: diagnostiche di influenza   21:42 Thursday, March 5, 2020  13

                                          The REG Procedure
                                             Model: mod1
                                      Dependent Variable: pm10 

                                           Output Statistics
 
                              Hat Diag       Cov            ----------------DFBETAS----------------
   Obs   Residual   RStudent         H     Ratio    DFFITS  Intercept      cars      temp      wind

   316    -4.4787    -0.1351    0.0053    1.0133   -0.0099     0.0011    0.0031   -0.0004   -0.0074
   317    24.3446     0.7340    0.0033    1.0070    0.0419     0.0194    0.0169   -0.0063   -0.0211
   318    84.7864     2.5743    0.0050    0.9607    0.1833     0.1450   -0.0108   -0.0505   -0.1134
   319    38.8835     1.1765    0.0085    1.0055    0.1090    -0.0529    0.0312    0.0218    0.0708
   320   -11.0760    -0.3341    0.0049    1.0122   -0.0234    -0.0098    0.0165   -0.0053   -0.0091
   321   -15.2024    -0.4586    0.0051    1.0116   -0.0329    -0.0244   -0.0029    0.0079    0.0225
   322   -22.1214    -0.6703    0.0133    1.0180   -0.0777    -0.0448    0.0181    0.0515    0.0229
   323   -14.0608    -0.4238    0.0033    1.0099   -0.0243    -0.0046    0.0077   -0.0083   -0.0105
   324   -19.5610    -0.5907    0.0066    1.0119   -0.0481     0.0151    0.0050   -0.0035   -0.0386
   325    -1.6226    -0.0490    0.0056    1.0137   -0.0037    -0.0029    0.0022    0.0009    0.0006
   326   -28.9586    -0.8751    0.0073    1.0092   -0.0748     0.0381   -0.0409    0.0336   -0.0395
   327    56.8854     1.7195    0.0034    0.9878    0.1010     0.0090    0.0339    0.0442   -0.0010
   328   -15.0862    -0.4558    0.0082    1.0147   -0.0415    -0.0114    0.0306   -0.0114   -0.0217
   329   -10.2016    -0.3084    0.0097    1.0172   -0.0305    -0.0024    0.0196    0.0014   -0.0215
   330    19.6818     0.5944    0.0068    1.0121    0.0493     0.0469   -0.0315    0.0180   -0.0211
   331   -22.3652    -0.6781    0.0146    1.0192   -0.0824     0.0148   -0.0404    0.0726   -0.0073
   332    -1.4951    -0.0451    0.0046    1.0127   -0.0031     0.0005   -0.0007    0.0019   -0.0014
   333    68.4867     2.0800    0.0101    0.9836    0.2104     0.1168    0.0176   -0.1295   -0.1071
   334   -21.0577    -0.6356    0.0057    1.0105   -0.0480     0.0094   -0.0028    0.0308   -0.0281
   335   -14.7519    -0.4452    0.0057    1.0123   -0.0337    -0.0136    0.0183    0.0151   -0.0100
   336   -14.2071    -0.4286    0.0052    1.0119   -0.0309     0.0067   -0.0227    0.0130   -0.0011
   337    -2.4373    -0.0736    0.0083    1.0165   -0.0068    -0.0059    0.0028   -0.0043    0.0038
   338   -34.3518    -1.0362    0.0031    1.0025   -0.0579    -0.0123   -0.0310   -0.0038    0.0171
   339    40.9438     1.2390    0.0085    1.0042    0.1148     0.0785   -0.0480   -0.0587   -0.0269
   340   -21.0144    -0.6367    0.0132    1.0182   -0.0736     0.0361    0.0030    0.0011   -0.0662
   341   -16.8327    -0.5083    0.0071    1.0131   -0.0428    -0.0425    0.0203   -0.0096    0.0265
   342   -32.5511    -0.9832    0.0059    1.0062   -0.0760     0.0197   -0.0611    0.0132    0.0008
   343   -12.2457    -0.3694    0.0053    1.0123   -0.0269    -0.0152    0.0178    0.0069   -0.0051
   344   -32.0948    -0.9697    0.0067    1.0072   -0.0794    -0.0066   -0.0580   -0.0103    0.0347
   345    23.8772     0.7242    0.0150    1.0192    0.0894     0.0114    0.0214   -0.0800   -0.0093
   346   -23.1628    -0.6986    0.0040    1.0082   -0.0442    -0.0373    0.0286   -0.0102    0.0079
   347   -18.4976    -0.5579    0.0042    1.0098   -0.0364    -0.0186   -0.0142    0.0084    0.0220
   348   -11.4494    -0.3460    0.0087    1.0160   -0.0325    -0.0310    0.0199   -0.0147    0.0161
   349    16.5048     0.5006    0.0158    1.0222    0.0634    -0.0045   -0.0354    0.0199    0.0473
   350     2.3127     0.0698    0.0064    1.0145    0.0056     0.0039   -0.0037   -0.0016   -0.0000
   351    27.8366     0.8402    0.0052    1.0076    0.0607     0.0295   -0.0420    0.0268    0.0163
   352   -23.9496    -0.7221    0.0034    1.0073   -0.0424    -0.0161    0.0237   -0.0062   -0.0168
   353    -6.5046    -0.1960    0.0034    1.0112   -0.0115    -0.0074   -0.0010    0.0040    0.0053
   354    -8.7253    -0.2636    0.0085    1.0162   -0.0245     0.0047   -0.0013    0.0189   -0.0130
   355    61.8271     1.8707    0.0044    0.9844    0.1239     0.0309    0.0335    0.0747   -0.0279
   356     1.5644     0.0473    0.0097    1.0180    0.0047     0.0037   -0.0027    0.0034   -0.0016
   357   -39.5399    -1.1939    0.0045    1.0011   -0.0800     0.0215   -0.0488   -0.0070   -0.0159
   358   -23.8308    -0.7191    0.0049    1.0088   -0.0503    -0.0110   -0.0332    0.0040    0.0245
   359   -32.2944    -0.9838    0.0227    1.0235   -0.1499     0.1070   -0.0537    0.0425   -0.1227
   360   -17.4091    -0.5265    0.0099    1.0159   -0.0527    -0.0289    0.0208    0.0330    0.0047
                                    REG: diagnostiche di influenza   21:42 Thursday, March 5, 2020  14

                                          The REG Procedure
                                             Model: mod1
                                      Dependent Variable: pm10 

                                           Output Statistics
 
                              Hat Diag       Cov            ----------------DFBETAS----------------
   Obs   Residual   RStudent         H     Ratio    DFFITS  Intercept      cars      temp      wind

   361   -17.4603    -0.5281    0.0102    1.0162   -0.0535    -0.0214    0.0412   -0.0272   -0.0184
   362   -12.4278    -0.3751    0.0060    1.0131   -0.0292    -0.0031    0.0060   -0.0203   -0.0090
   363     0.7132     0.0216    0.0107    1.0190    0.0022     0.0014   -0.0000    0.0016   -0.0014
   364    -3.4059    -0.1028    0.0056    1.0137   -0.0077    -0.0022   -0.0049    0.0011    0.0044
   365    -3.4465    -0.1040    0.0063    1.0144   -0.0083    -0.0056    0.0056    0.0022   -0.0001
   366   -22.1770    -0.6691    0.0048    1.0093   -0.0465    -0.0238   -0.0197   -0.0056    0.0319
   367    -9.3329    -0.2816    0.0057    1.0133   -0.0214    -0.0185    0.0030    0.0037    0.0144
   368    -9.2230    -0.2782    0.0051    1.0127   -0.0199    -0.0002   -0.0082    0.0148   -0.0008
   369   -24.3795    -0.7351    0.0033    1.0071   -0.0424    -0.0217    0.0217   -0.0185   -0.0071
   370    41.0693     1.2438    0.0102    1.0058    0.1261     0.0225    0.0635    0.0713   -0.0579
   371     4.5713     0.1379    0.0051    1.0131    0.0099    -0.0013    0.0036    0.0048    0.0017
   372    12.0705     0.3640    0.0046    1.0117    0.0247     0.0191   -0.0120    0.0151   -0.0068
   373    24.6703     0.7457    0.0084    1.0120    0.0684     0.0635   -0.0472    0.0301   -0.0266
   374    -8.1314    -0.2455    0.0069    1.0147   -0.0205    -0.0079    0.0158   -0.0009   -0.0093
   375   -15.5522    -0.4707    0.0117    1.0182   -0.0511     0.0264   -0.0158    0.0318   -0.0354
   376   -15.3943    -0.4639    0.0028    1.0092   -0.0245    -0.0203    0.0090   -0.0037    0.0077
   377   -19.2136    -0.5821    0.0133    1.0189   -0.0675    -0.0153   -0.0107   -0.0570    0.0188
   378   -14.4015    -0.4348    0.0065    1.0131   -0.0350    -0.0111    0.0240    0.0060   -0.0173
   379    -0.4216    -0.0127    0.0056    1.0138   -0.0010    -0.0006    0.0006    0.0002   -0.0000
   380    -7.4799    -0.2260    0.0084    1.0162   -0.0208     0.0079    0.0016   -0.0020   -0.0172
   381   -12.0034    -0.3640    0.0153    1.0227   -0.0454     0.0051    0.0048    0.0374   -0.0226
   382   -10.3319    -0.3112    0.0025    1.0098   -0.0154    -0.0005   -0.0025    0.0038   -0.0053
   383    -7.4281    -0.2242    0.0062    1.0140   -0.0177    -0.0120    0.0146   -0.0045   -0.0020
   384     8.9795     0.2708    0.0043    1.0119    0.0178     0.0168   -0.0062    0.0038   -0.0103
   385    -4.0101    -0.1211    0.0072    1.0153   -0.0103    -0.0008   -0.0059    0.0070    0.0025
   386   -40.8350    -1.2327    0.0036    0.9995   -0.0745     0.0158   -0.0437    0.0038   -0.0145
   387   -16.2862    -0.4908    0.0028    1.0090   -0.0262    -0.0056   -0.0131   -0.0009    0.0064
   388     1.1838     0.0358    0.0095    1.0178    0.0035     0.0001   -0.0018   -0.0012    0.0025
   389    41.0758     1.2484    0.0171    1.0128    0.1647     0.0293    0.0003    0.1499   -0.0183
   390   -19.6884    -0.5944    0.0063    1.0116   -0.0473    -0.0426    0.0336   -0.0173    0.0136
   391    -5.3471    -0.1617    0.0105    1.0186   -0.0167    -0.0022    0.0083    0.0090   -0.0089
   392   -16.9409    -0.5112    0.0054    1.0115   -0.0377     0.0011   -0.0200    0.0262    0.0009
   393     9.5900     0.2896    0.0070    1.0145    0.0243     0.0075   -0.0151   -0.0086    0.0110
   394     9.0428     0.2732    0.0084    1.0160    0.0251    -0.0097    0.0039    0.0089    0.0157
   395   -46.7305    -1.4142    0.0077    0.9997   -0.1248     0.0405   -0.1045    0.0094   -0.0000
   396    60.1024     1.8189    0.0051    0.9867    0.1307    -0.0165    0.0371   -0.0963    0.0424
   397     3.3127     0.1002    0.0098    1.0180    0.0099     0.0094   -0.0056    0.0052   -0.0054
   398   -20.5247    -0.6204    0.0085    1.0136   -0.0575    -0.0083    0.0089   -0.0470   -0.0088
   399   -22.0603    -0.6659    0.0057    1.0103   -0.0504    -0.0440    0.0284   -0.0275    0.0189
   400    -7.5297    -0.2272    0.0058    1.0135   -0.0173    -0.0104    0.0127   -0.0085   -0.0023
   401    -5.6203    -0.1697    0.0070    1.0150   -0.0143    -0.0139    0.0044   -0.0027    0.0104
   402    -6.9868    -0.2124    0.0207    1.0291   -0.0309    -0.0061    0.0033    0.0273   -0.0020
   403    -1.0115    -0.0305    0.0026    1.0107   -0.0015    -0.0006   -0.0006    0.0002    0.0005
   404    -3.0474    -0.0921    0.0093    1.0175   -0.0089    -0.0038    0.0065   -0.0053   -0.0025
   405   -23.8378    -0.7217    0.0115    1.0156   -0.0780     0.0272   -0.0611   -0.0168   -0.0005
                                    REG: diagnostiche di influenza   21:42 Thursday, March 5, 2020  15

                                          The REG Procedure
                                             Model: mod1
                                      Dependent Variable: pm10 

                                           Output Statistics
 
                              Hat Diag       Cov            ----------------DFBETAS----------------
   Obs   Residual   RStudent         H     Ratio    DFFITS  Intercept      cars      temp      wind

   406   -10.9612    -0.3308    0.0061    1.0133   -0.0258    -0.0151    0.0060   -0.0205    0.0079
   407    83.7302     2.5417    0.0050    0.9619    0.1795    -0.0384    0.1200   -0.0912    0.0182
   408    28.0876     0.8496    0.0094    1.0118    0.0828     0.0383    0.0120    0.0619   -0.0439
   409    -9.4743    -0.2858    0.0048    1.0123   -0.0199    -0.0182    0.0043    0.0007    0.0130
   410    -1.3783    -0.0415    0.0035    1.0116   -0.0024    -0.0005   -0.0009   -0.0010    0.0005
   411    16.9104     0.5111    0.0088    1.0150    0.0483     0.0199   -0.0376    0.0214    0.0173
   412   -11.2463    -0.3395    0.0067    1.0140   -0.0280    -0.0228    0.0183   -0.0165    0.0070
   413    14.5187     0.4398    0.0131    1.0199    0.0508     0.0269   -0.0119   -0.0354   -0.0116
   414    10.2003     0.3080    0.0068    1.0143    0.0255     0.0219   -0.0188    0.0114   -0.0059
   415     1.2034     0.0363    0.0055    1.0136    0.0027     0.0015   -0.0021    0.0000    0.0007
   416     7.1111     0.2147    0.0066    1.0144    0.0175     0.0153   -0.0102   -0.0029   -0.0058
   417    23.8420     0.7187    0.0029    1.0069    0.0390     0.0193    0.0131    0.0049   -0.0190
   418    -7.4526    -0.2254    0.0102    1.0181   -0.0229     0.0084   -0.0184   -0.0030   -0.0008
   419   -15.3596    -0.4640    0.0076    1.0140   -0.0405    -0.0294    0.0294   -0.0241    0.0036
   420     2.4946     0.0753    0.0078    1.0159    0.0067     0.0042   -0.0051    0.0037    0.0004
   421   -18.8729    -0.5722    0.0148    1.0206   -0.0702    -0.0350    0.0259   -0.0640    0.0141
   422     9.4408     0.2850    0.0063    1.0139    0.0228     0.0160   -0.0129   -0.0085   -0.0022
   423   -19.0717    -0.5752    0.0043    1.0098   -0.0380    -0.0263    0.0277   -0.0044   -0.0033
   424    51.5719     1.5625    0.0091    0.9976    0.1500     0.1032   -0.0588   -0.0783   -0.0406
   425    74.2553     2.2648    0.0169    0.9841    0.2973    -0.0210   -0.0454    0.2332    0.1066
   426    -9.0797    -0.2742    0.0073    1.0149   -0.0235    -0.0072    0.0173   -0.0058   -0.0118
   427   -27.6084    -0.8351    0.0092    1.0118   -0.0806     0.0373   -0.0018    0.0202   -0.0700
   428    -1.2239    -0.0371    0.0137    1.0221   -0.0044    -0.0012   -0.0014    0.0033    0.0017
   429   -13.9221    -0.4208    0.0088    1.0156   -0.0397    -0.0126    0.0214    0.0214   -0.0138
   430   -23.6203    -0.7129    0.0053    1.0093   -0.0519    -0.0361   -0.0123   -0.0058    0.0405
   431   -15.7282    -0.4747    0.0059    1.0122   -0.0365     0.0122   -0.0142    0.0232   -0.0175
   432   -26.9069    -0.8205    0.0254    1.0288   -0.1326    -0.0371    0.0265   -0.1270    0.0146
   433   -17.2133    -0.5203    0.0088    1.0148   -0.0490    -0.0178    0.0160    0.0349   -0.0059
   434   101.9905     3.1111    0.0083    0.9407    0.2838     0.1462    0.0061   -0.1914   -0.1056
   435    11.9492     0.3614    0.0102    1.0174    0.0366     0.0197    0.0002    0.0292   -0.0191
   436    33.4413     1.0113    0.0083    1.0082    0.0924    -0.0213    0.0801   -0.0112   -0.0143
   437    -9.3646    -0.2833    0.0105    1.0182   -0.0292    -0.0043    0.0207   -0.0009   -0.0192
   438   -40.4874    -1.2279    0.0129    1.0089   -0.1402     0.0047   -0.1186    0.0429    0.0613
   439    43.3605     1.3153    0.0130    1.0072    0.1507    -0.0867    0.1213   -0.0497    0.0470
   440     2.8716     0.0867    0.0068    1.0149    0.0071    -0.0008   -0.0010    0.0039    0.0038
   441    -9.7458    -0.2936    0.0022    1.0097   -0.0139    -0.0046   -0.0042    0.0004    0.0022
   442   -14.3178    -0.4337    0.0133    1.0201   -0.0503     0.0002   -0.0416    0.0168    0.0233
   443   114.1687     3.4920    0.0087    0.9226    0.3268    -0.0272    0.2756   -0.0138   -0.1115
   444   -18.4279    -0.5556    0.0036    1.0093   -0.0335     0.0077   -0.0101    0.0142   -0.0164
   445   -16.3858    -0.4943    0.0051    1.0113   -0.0353    -0.0152   -0.0182    0.0012    0.0232
   446   -10.6932    -0.3235    0.0108    1.0183   -0.0339    -0.0143    0.0133    0.0232   -0.0024
   447     7.1814     0.2163    0.0025    1.0103    0.0109    -0.0003    0.0030   -0.0025    0.0034
   448    -9.4295    -0.2847    0.0071    1.0147   -0.0241    -0.0077    0.0148    0.0093   -0.0103
   449   -23.3797    -0.7052    0.0043    1.0084   -0.0463    -0.0427    0.0255   -0.0143    0.0177
   450   -30.2947    -0.9147    0.0056    1.0069   -0.0685    -0.0055   -0.0473    0.0296    0.0227
                                    REG: diagnostiche di influenza   21:42 Thursday, March 5, 2020  16

                                          The REG Procedure
                                             Model: mod1
                                      Dependent Variable: pm10 

                                           Output Statistics
 
                              Hat Diag       Cov            ----------------DFBETAS----------------
   Obs   Residual   RStudent         H     Ratio    DFFITS  Intercept      cars      temp      wind

   451   -22.2609    -0.6716    0.0047    1.0092   -0.0462    -0.0145    0.0238    0.0170   -0.0193
   452   -33.3309    -1.0080    0.0084    1.0084   -0.0929     0.0270   -0.0805    0.0115    0.0072
   453   -13.5141    -0.4079    0.0062    1.0130   -0.0322    -0.0189    0.0260   -0.0098   -0.0069
   454   -12.4109    -0.3743    0.0048    1.0118   -0.0260    -0.0020   -0.0108   -0.0137    0.0035
   455    -7.9579    -0.2405    0.0089    1.0166   -0.0227    -0.0033   -0.0166    0.0075    0.0119
   456    -8.7589    -0.2641    0.0044    1.0120   -0.0175    -0.0151    0.0015    0.0008    0.0119
   457   -27.2861    -0.8234    0.0047    1.0073   -0.0564     0.0083   -0.0318   -0.0169   -0.0030
   458    42.5952     1.2888    0.0079    1.0027    0.1153     0.1036   -0.0474    0.0675   -0.0683
   459   -15.5010    -0.4685    0.0086    1.0151   -0.0437     0.0098    0.0099    0.0197   -0.0346
   460   -30.1828    -0.9101    0.0029    1.0043   -0.0490    -0.0195   -0.0204    0.0072    0.0198
   461   -12.7501    -0.3848    0.0062    1.0132   -0.0305    -0.0267    0.0202    0.0022    0.0080
   462     5.7756     0.1744    0.0069    1.0148    0.0145     0.0075   -0.0114    0.0057    0.0039
   463   -34.6840    -1.0465    0.0036    1.0028   -0.0629    -0.0062   -0.0405    0.0114    0.0158
   464     0.8728     0.0264    0.0140    1.0224    0.0032    -0.0011    0.0002    0.0017    0.0018
   465   -27.5846    -0.8319    0.0035    1.0060   -0.0495    -0.0413    0.0039    0.0015    0.0301
   466   -15.4790    -0.4683    0.0105    1.0170   -0.0483    -0.0284    0.0173    0.0300    0.0087
   467    61.3650     1.8636    0.0117    0.9919    0.2028     0.0710    0.0731   -0.1356   -0.0993
   468   -20.5093    -0.6179    0.0022    1.0072   -0.0291    -0.0085   -0.0088    0.0016    0.0030
   469   -12.6808    -0.3828    0.0062    1.0132   -0.0303    -0.0279    0.0135   -0.0156    0.0168
   470    -9.5971    -0.2901    0.0095    1.0171   -0.0284    -0.0086    0.0217   -0.0096   -0.0138
   471   -18.9059    -0.5702    0.0044    1.0099   -0.0379    -0.0236   -0.0088    0.0110    0.0234
   472    40.2759     1.2174    0.0063    1.0025    0.0973     0.0561    0.0378   -0.0038   -0.0753
   473   -33.7773    -1.0188    0.0030    1.0027   -0.0559     0.0058   -0.0263   -0.0018   -0.0105
   474   -38.5548    -1.1702    0.0148    1.0120   -0.1436    -0.0169   -0.1105   -0.0099    0.0881
   475   -19.8206    -0.5992    0.0090    1.0144   -0.0572    -0.0208   -0.0006   -0.0487    0.0164
   476    31.7951     0.9602    0.0056    1.0063    0.0722     0.0620   -0.0479   -0.0051   -0.0161
   477    34.4562     1.0403    0.0049    1.0043    0.0730     0.0562   -0.0338   -0.0242   -0.0171
   478     2.7625     0.0837    0.0137    1.0221    0.0099    -0.0019   -0.0045    0.0002    0.0085
   479    24.9524     0.7554    0.0114    1.0150    0.0809     0.0043    0.0615   -0.0363   -0.0367
   480   -13.0302    -0.3928    0.0039    1.0108   -0.0245    -0.0222    0.0134   -0.0034    0.0081
   481   -10.0070    -0.3045    0.0224    1.0304   -0.0461     0.0112    0.0187    0.0169   -0.0396
   482   -11.5643    -0.3485    0.0033    1.0105   -0.0201     0.0036   -0.0076   -0.0024   -0.0067
   483   -14.3242    -0.4320    0.0045    1.0112   -0.0292    -0.0136   -0.0133   -0.0039    0.0188
   484   -17.0086    -0.5126    0.0028    1.0088   -0.0270     0.0031   -0.0073    0.0024   -0.0108
   485   -36.6211    -1.1062    0.0057    1.0039   -0.0835     0.0390   -0.0470    0.0163   -0.0400
   486   -25.4910    -0.7695    0.0057    1.0090   -0.0581    -0.0261   -0.0195   -0.0293    0.0339
   487   -14.4002    -0.4347    0.0062    1.0128   -0.0342    -0.0105    0.0218    0.0090   -0.0164
   488    12.4360     0.3763    0.0112    1.0184    0.0400     0.0215   -0.0143   -0.0262   -0.0046
   489    12.6864     0.3832    0.0078    1.0149    0.0341     0.0278   -0.0139   -0.0123   -0.0142
   490   -14.7243    -0.4443    0.0054    1.0120   -0.0329    -0.0262    0.0199    0.0071    0.0059
   491   -17.4544    -0.5319    0.0249    1.0315   -0.0850     0.0411    0.0136   -0.0075   -0.0786
   492   -19.0027    -0.5731    0.0042    1.0097   -0.0372    -0.0232    0.0264   -0.0011   -0.0064
   493    -8.9860    -0.2713    0.0071    1.0147   -0.0230    -0.0165    0.0130    0.0088    0.0031
   494   -16.9643    -0.5117    0.0048    1.0108   -0.0354    -0.0331    0.0185   -0.0130    0.0158
   495   -14.5196    -0.4386    0.0076    1.0143   -0.0385    -0.0110    0.0239    0.0142   -0.0181
                                    REG: diagnostiche di influenza   21:42 Thursday, March 5, 2020  17

                                          The REG Procedure
                                             Model: mod1
                                      Dependent Variable: pm10 

                                           Output Statistics
 
                              Hat Diag       Cov            ----------------DFBETAS----------------
   Obs   Residual   RStudent         H     Ratio    DFFITS  Intercept      cars      temp      wind

   496   -14.8908    -0.4492    0.0050    1.0115   -0.0318    -0.0234    0.0235    0.0002   -0.0006
   497    11.4948     0.3473    0.0083    1.0155    0.0317     0.0134    0.0147   -0.0132   -0.0205
   498    -1.9118    -0.0577    0.0063    1.0145   -0.0046    -0.0045    0.0022   -0.0009    0.0027
   499    -1.9021    -0.0574    0.0056    1.0137   -0.0043     0.0013   -0.0011   -0.0015   -0.0021
   500     1.7203     0.0521    0.0140    1.0224    0.0062     0.0007    0.0042    0.0023   -0.0033


                             Sum of Residuals                           0
                             Sum of Squared Residuals              546895
                             Predicted Residual SS (PRESS)         557025
